Performing C SOURCE FILE Test CMAKE_HAVE_LIBC_PTHREAD failed with the following output:
Change Dir: /home/salvy/Documents/Github/Titan/cmake/CMakeFiles/CMakeTmp

Run Build Command(s):/usr/bin/make cmTC_7b7bc/fast && make[1]: Entering directory '/home/salvy/Documents/Github/Titan/cmake/CMakeFiles/CMakeTmp'
/usr/bin/make -f CMakeFiles/cmTC_7b7bc.dir/build.make CMakeFiles/cmTC_7b7bc.dir/build
make[2]: Entering directory '/home/salvy/Documents/Github/Titan/cmake/CMakeFiles/CMakeTmp'
Building C object CMakeFiles/cmTC_7b7bc.dir/src.c.o
/usr/bin/cc   -fPIC -DCMAKE_HAVE_LIBC_PTHREAD   -o CMakeFiles/cmTC_7b7bc.dir/src.c.o   -c /home/salvy/Documents/Github/Titan/cmake/CMakeFiles/CMakeTmp/src.c
Linking C executable cmTC_7b7bc
/usr/bin/cmake -E cmake_link_script CMakeFiles/cmTC_7b7bc.dir/link.txt --verbose=1
/usr/bin/cc -fPIC -DCMAKE_HAVE_LIBC_PTHREAD    CMakeFiles/cmTC_7b7bc.dir/src.c.o  -o cmTC_7b7bc 
/usr/bin/ld: CMakeFiles/cmTC_7b7bc.dir/src.c.o: in function `main':
src.c:(.text+0x46): undefined reference to `pthread_create'
/usr/bin/ld: src.c:(.text+0x52): undefined reference to `pthread_detach'
/usr/bin/ld: src.c:(.text+0x63): undefined reference to `pthread_join'
collect2: error: ld returned 1 exit status
make[2]: *** [CMakeFiles/cmTC_7b7bc.dir/build.make:87: cmTC_7b7bc] Error 1
make[2]: Leaving directory '/home/salvy/Documents/Github/Titan/cmake/CMakeFiles/CMakeTmp'
make[1]: *** [Makefile:121: cmTC_7b7bc/fast] Error 2
make[1]: Leaving directory '/home/salvy/Documents/Github/Titan/cmake/CMakeFiles/CMakeTmp'


Source file was:
#include <pthread.h>

void* test_func(void* data)
{
  return data;
}

int main(void)
{
  pthread_t thread;
  pthread_create(&thread, NULL, test_func, NULL);
  pthread_detach(thread);
  pthread_join(thread, NULL);
  pthread_atfork(NULL, NULL, NULL);
  pthread_exit(NULL);

  return 0;
}

Determining if the function pthread_create exists in the pthreads failed with the following output:
Change Dir: /home/salvy/Documents/Github/Titan/cmake/CMakeFiles/CMakeTmp

Run Build Command(s):/usr/bin/make cmTC_932ee/fast && make[1]: Entering directory '/home/salvy/Documents/Github/Titan/cmake/CMakeFiles/CMakeTmp'
/usr/bin/make -f CMakeFiles/cmTC_932ee.dir/build.make CMakeFiles/cmTC_932ee.dir/build
make[2]: Entering directory '/home/salvy/Documents/Github/Titan/cmake/CMakeFiles/CMakeTmp'
Building C object CMakeFiles/cmTC_932ee.dir/CheckFunctionExists.c.o
/usr/bin/cc   -fPIC -DCHECK_FUNCTION_EXISTS=pthread_create   -o CMakeFiles/cmTC_932ee.dir/CheckFunctionExists.c.o   -c /usr/share/cmake-3.16/Modules/CheckFunctionExists.c
Linking C executable cmTC_932ee
/usr/bin/cmake -E cmake_link_script CMakeFiles/cmTC_932ee.dir/link.txt --verbose=1
/usr/bin/cc -fPIC -DCHECK_FUNCTION_EXISTS=pthread_create    CMakeFiles/cmTC_932ee.dir/CheckFunctionExists.c.o  -o cmTC_932ee  -lpthreads 
/usr/bin/ld: cannot find -lpthreads
collect2: error: ld returned 1 exit status
make[2]: *** [CMakeFiles/cmTC_932ee.dir/build.make:87: cmTC_932ee] Error 1
make[2]: Leaving directory '/home/salvy/Documents/Github/Titan/cmake/CMakeFiles/CMakeTmp'
make[1]: *** [Makefile:121: cmTC_932ee/fast] Error 2
make[1]: Leaving directory '/home/salvy/Documents/Github/Titan/cmake/CMakeFiles/CMakeTmp'



Performing C SOURCE FILE Test CMAKE_HAVE_LIBC_PTHREAD failed with the following output:
Change Dir: /home/salvy/Documents/Github/Titan/cmake/CMakeFiles/CMakeTmp

Run Build Command(s):/usr/bin/make cmTC_69e10/fast && make[1]: Entering directory '/home/salvy/Documents/Github/Titan/cmake/CMakeFiles/CMakeTmp'
/usr/bin/make -f CMakeFiles/cmTC_69e10.dir/build.make CMakeFiles/cmTC_69e10.dir/build
make[2]: Entering directory '/home/salvy/Documents/Github/Titan/cmake/CMakeFiles/CMakeTmp'
Building C object CMakeFiles/cmTC_69e10.dir/src.c.o
/usr/bin/cc   -fPIC -DCMAKE_HAVE_LIBC_PTHREAD   -o CMakeFiles/cmTC_69e10.dir/src.c.o   -c /home/salvy/Documents/Github/Titan/cmake/CMakeFiles/CMakeTmp/src.c
Linking C executable cmTC_69e10
/usr/bin/cmake -E cmake_link_script CMakeFiles/cmTC_69e10.dir/link.txt --verbose=1
/usr/bin/cc -fPIC -DCMAKE_HAVE_LIBC_PTHREAD    CMakeFiles/cmTC_69e10.dir/src.c.o  -o cmTC_69e10 
/usr/bin/ld: CMakeFiles/cmTC_69e10.dir/src.c.o: in function `main':
src.c:(.text+0x46): undefined reference to `pthread_create'
/usr/bin/ld: src.c:(.text+0x52): undefined reference to `pthread_detach'
/usr/bin/ld: src.c:(.text+0x63): undefined reference to `pthread_join'
collect2: error: ld returned 1 exit status
make[2]: *** [CMakeFiles/cmTC_69e10.dir/build.make:87: cmTC_69e10] Error 1
make[2]: Leaving directory '/home/salvy/Documents/Github/Titan/cmake/CMakeFiles/CMakeTmp'
make[1]: *** [Makefile:121: cmTC_69e10/fast] Error 2
make[1]: Leaving directory '/home/salvy/Documents/Github/Titan/cmake/CMakeFiles/CMakeTmp'


Source file was:
#include <pthread.h>

void* test_func(void* data)
{
  return data;
}

int main(void)
{
  pthread_t thread;
  pthread_create(&thread, NULL, test_func, NULL);
  pthread_detach(thread);
  pthread_join(thread, NULL);
  pthread_atfork(NULL, NULL, NULL);
  pthread_exit(NULL);

  return 0;
}

Determining if the function pthread_create exists in the pthreads failed with the following output:
Change Dir: /home/salvy/Documents/Github/Titan/cmake/CMakeFiles/CMakeTmp

Run Build Command(s):/usr/bin/make cmTC_5dd57/fast && make[1]: Entering directory '/home/salvy/Documents/Github/Titan/cmake/CMakeFiles/CMakeTmp'
/usr/bin/make -f CMakeFiles/cmTC_5dd57.dir/build.make CMakeFiles/cmTC_5dd57.dir/build
make[2]: Entering directory '/home/salvy/Documents/Github/Titan/cmake/CMakeFiles/CMakeTmp'
Building C object CMakeFiles/cmTC_5dd57.dir/CheckFunctionExists.c.o
/usr/bin/cc   -fPIC -DCHECK_FUNCTION_EXISTS=pthread_create   -o CMakeFiles/cmTC_5dd57.dir/CheckFunctionExists.c.o   -c /usr/share/cmake-3.16/Modules/CheckFunctionExists.c
Linking C executable cmTC_5dd57
/usr/bin/cmake -E cmake_link_script CMakeFiles/cmTC_5dd57.dir/link.txt --verbose=1
/usr/bin/cc -fPIC -DCHECK_FUNCTION_EXISTS=pthread_create    CMakeFiles/cmTC_5dd57.dir/CheckFunctionExists.c.o  -o cmTC_5dd57  -lpthreads 
/usr/bin/ld: cannot find -lpthreads
collect2: error: ld returned 1 exit status
make[2]: *** [CMakeFiles/cmTC_5dd57.dir/build.make:87: cmTC_5dd57] Error 1
make[2]: Leaving directory '/home/salvy/Documents/Github/Titan/cmake/CMakeFiles/CMakeTmp'
make[1]: *** [Makefile:121: cmTC_5dd57/fast] Error 2
make[1]: Leaving directory '/home/salvy/Documents/Github/Titan/cmake/CMakeFiles/CMakeTmp'



Performing C SOURCE FILE Test CMAKE_HAVE_LIBC_PTHREAD failed with the following output:
Change Dir: /home/salvy/Documents/Github/Titan/cmake/CMakeFiles/CMakeTmp

Run Build Command(s):/usr/bin/make cmTC_f77c0/fast && make[1]: Entering directory '/home/salvy/Documents/Github/Titan/cmake/CMakeFiles/CMakeTmp'
/usr/bin/make -f CMakeFiles/cmTC_f77c0.dir/build.make CMakeFiles/cmTC_f77c0.dir/build
make[2]: Entering directory '/home/salvy/Documents/Github/Titan/cmake/CMakeFiles/CMakeTmp'
Building C object CMakeFiles/cmTC_f77c0.dir/src.c.o
/usr/bin/cc   -fPIC -DCMAKE_HAVE_LIBC_PTHREAD   -o CMakeFiles/cmTC_f77c0.dir/src.c.o   -c /home/salvy/Documents/Github/Titan/cmake/CMakeFiles/CMakeTmp/src.c
Linking C executable cmTC_f77c0
/usr/bin/cmake -E cmake_link_script CMakeFiles/cmTC_f77c0.dir/link.txt --verbose=1
/usr/bin/cc -fPIC -DCMAKE_HAVE_LIBC_PTHREAD    CMakeFiles/cmTC_f77c0.dir/src.c.o  -o cmTC_f77c0 
/usr/bin/ld: CMakeFiles/cmTC_f77c0.dir/src.c.o: in function `main':
src.c:(.text+0x46): undefined reference to `pthread_create'
/usr/bin/ld: src.c:(.text+0x52): undefined reference to `pthread_detach'
/usr/bin/ld: src.c:(.text+0x63): undefined reference to `pthread_join'
collect2: error: ld returned 1 exit status
make[2]: *** [CMakeFiles/cmTC_f77c0.dir/build.make:87: cmTC_f77c0] Error 1
make[2]: Leaving directory '/home/salvy/Documents/Github/Titan/cmake/CMakeFiles/CMakeTmp'
make[1]: *** [Makefile:121: cmTC_f77c0/fast] Error 2
make[1]: Leaving directory '/home/salvy/Documents/Github/Titan/cmake/CMakeFiles/CMakeTmp'


Source file was:
#include <pthread.h>

void* test_func(void* data)
{
  return data;
}

int main(void)
{
  pthread_t thread;
  pthread_create(&thread, NULL, test_func, NULL);
  pthread_detach(thread);
  pthread_join(thread, NULL);
  pthread_atfork(NULL, NULL, NULL);
  pthread_exit(NULL);

  return 0;
}

Determining if the function pthread_create exists in the pthreads failed with the following output:
Change Dir: /home/salvy/Documents/Github/Titan/cmake/CMakeFiles/CMakeTmp

Run Build Command(s):/usr/bin/make cmTC_41612/fast && make[1]: Entering directory '/home/salvy/Documents/Github/Titan/cmake/CMakeFiles/CMakeTmp'
/usr/bin/make -f CMakeFiles/cmTC_41612.dir/build.make CMakeFiles/cmTC_41612.dir/build
make[2]: Entering directory '/home/salvy/Documents/Github/Titan/cmake/CMakeFiles/CMakeTmp'
Building C object CMakeFiles/cmTC_41612.dir/CheckFunctionExists.c.o
/usr/bin/cc   -fPIC -DCHECK_FUNCTION_EXISTS=pthread_create   -o CMakeFiles/cmTC_41612.dir/CheckFunctionExists.c.o   -c /usr/share/cmake-3.16/Modules/CheckFunctionExists.c
Linking C executable cmTC_41612
/usr/bin/cmake -E cmake_link_script CMakeFiles/cmTC_41612.dir/link.txt --verbose=1
/usr/bin/cc -fPIC -DCHECK_FUNCTION_EXISTS=pthread_create    CMakeFiles/cmTC_41612.dir/CheckFunctionExists.c.o  -o cmTC_41612  -lpthreads 
/usr/bin/ld: cannot find -lpthreads
collect2: error: ld returned 1 exit status
make[2]: *** [CMakeFiles/cmTC_41612.dir/build.make:87: cmTC_41612] Error 1
make[2]: Leaving directory '/home/salvy/Documents/Github/Titan/cmake/CMakeFiles/CMakeTmp'
make[1]: *** [Makefile:121: cmTC_41612/fast] Error 2
make[1]: Leaving directory '/home/salvy/Documents/Github/Titan/cmake/CMakeFiles/CMakeTmp'



Performing C SOURCE FILE Test CMAKE_HAVE_LIBC_PTHREAD failed with the following output:
Change Dir: /home/salvy/Documents/Github/Titan/cmake/CMakeFiles/CMakeTmp

Run Build Command(s):/usr/bin/make cmTC_6001f/fast && make[1]: Entering directory '/home/salvy/Documents/Github/Titan/cmake/CMakeFiles/CMakeTmp'
/usr/bin/make -f CMakeFiles/cmTC_6001f.dir/build.make CMakeFiles/cmTC_6001f.dir/build
make[2]: Entering directory '/home/salvy/Documents/Github/Titan/cmake/CMakeFiles/CMakeTmp'
Building C object CMakeFiles/cmTC_6001f.dir/src.c.o
/usr/bin/cc   -fPIC -DCMAKE_HAVE_LIBC_PTHREAD   -o CMakeFiles/cmTC_6001f.dir/src.c.o   -c /home/salvy/Documents/Github/Titan/cmake/CMakeFiles/CMakeTmp/src.c
Linking C executable cmTC_6001f
/usr/bin/cmake -E cmake_link_script CMakeFiles/cmTC_6001f.dir/link.txt --verbose=1
/usr/bin/cc -fPIC -DCMAKE_HAVE_LIBC_PTHREAD    CMakeFiles/cmTC_6001f.dir/src.c.o  -o cmTC_6001f 
/usr/bin/ld: CMakeFiles/cmTC_6001f.dir/src.c.o: in function `main':
src.c:(.text+0x46): undefined reference to `pthread_create'
/usr/bin/ld: src.c:(.text+0x52): undefined reference to `pthread_detach'
/usr/bin/ld: src.c:(.text+0x63): undefined reference to `pthread_join'
collect2: error: ld returned 1 exit status
make[2]: *** [CMakeFiles/cmTC_6001f.dir/build.make:87: cmTC_6001f] Error 1
make[2]: Leaving directory '/home/salvy/Documents/Github/Titan/cmake/CMakeFiles/CMakeTmp'
make[1]: *** [Makefile:121: cmTC_6001f/fast] Error 2
make[1]: Leaving directory '/home/salvy/Documents/Github/Titan/cmake/CMakeFiles/CMakeTmp'


Source file was:
#include <pthread.h>

void* test_func(void* data)
{
  return data;
}

int main(void)
{
  pthread_t thread;
  pthread_create(&thread, NULL, test_func, NULL);
  pthread_detach(thread);
  pthread_join(thread, NULL);
  pthread_atfork(NULL, NULL, NULL);
  pthread_exit(NULL);

  return 0;
}

Determining if the function pthread_create exists in the pthreads failed with the following output:
Change Dir: /home/salvy/Documents/Github/Titan/cmake/CMakeFiles/CMakeTmp

Run Build Command(s):/usr/bin/make cmTC_55e16/fast && make[1]: Entering directory '/home/salvy/Documents/Github/Titan/cmake/CMakeFiles/CMakeTmp'
/usr/bin/make -f CMakeFiles/cmTC_55e16.dir/build.make CMakeFiles/cmTC_55e16.dir/build
make[2]: Entering directory '/home/salvy/Documents/Github/Titan/cmake/CMakeFiles/CMakeTmp'
Building C object CMakeFiles/cmTC_55e16.dir/CheckFunctionExists.c.o
/usr/bin/cc   -fPIC -DCHECK_FUNCTION_EXISTS=pthread_create   -o CMakeFiles/cmTC_55e16.dir/CheckFunctionExists.c.o   -c /usr/share/cmake-3.16/Modules/CheckFunctionExists.c
Linking C executable cmTC_55e16
/usr/bin/cmake -E cmake_link_script CMakeFiles/cmTC_55e16.dir/link.txt --verbose=1
/usr/bin/cc -fPIC -DCHECK_FUNCTION_EXISTS=pthread_create    CMakeFiles/cmTC_55e16.dir/CheckFunctionExists.c.o  -o cmTC_55e16  -lpthreads 
/usr/bin/ld: cannot find -lpthreads
collect2: error: ld returned 1 exit status
make[2]: *** [CMakeFiles/cmTC_55e16.dir/build.make:87: cmTC_55e16] Error 1
make[2]: Leaving directory '/home/salvy/Documents/Github/Titan/cmake/CMakeFiles/CMakeTmp'
make[1]: *** [Makefile:121: cmTC_55e16/fast] Error 2
make[1]: Leaving directory '/home/salvy/Documents/Github/Titan/cmake/CMakeFiles/CMakeTmp'



Performing C SOURCE FILE Test CMAKE_HAVE_LIBC_PTHREAD failed with the following output:
Change Dir: /home/salvy/Documents/Github/Titan/cmake/CMakeFiles/CMakeTmp

Run Build Command(s):/usr/bin/make cmTC_788fb/fast && make[1]: Entering directory '/home/salvy/Documents/Github/Titan/cmake/CMakeFiles/CMakeTmp'
/usr/bin/make -f CMakeFiles/cmTC_788fb.dir/build.make CMakeFiles/cmTC_788fb.dir/build
make[2]: Entering directory '/home/salvy/Documents/Github/Titan/cmake/CMakeFiles/CMakeTmp'
Building C object CMakeFiles/cmTC_788fb.dir/src.c.o
/usr/bin/cc   -fPIC -DCMAKE_HAVE_LIBC_PTHREAD   -o CMakeFiles/cmTC_788fb.dir/src.c.o   -c /home/salvy/Documents/Github/Titan/cmake/CMakeFiles/CMakeTmp/src.c
Linking C executable cmTC_788fb
/usr/bin/cmake -E cmake_link_script CMakeFiles/cmTC_788fb.dir/link.txt --verbose=1
/usr/bin/cc -fPIC -DCMAKE_HAVE_LIBC_PTHREAD    CMakeFiles/cmTC_788fb.dir/src.c.o  -o cmTC_788fb 
/usr/bin/ld: CMakeFiles/cmTC_788fb.dir/src.c.o: in function `main':
src.c:(.text+0x46): undefined reference to `pthread_create'
/usr/bin/ld: src.c:(.text+0x52): undefined reference to `pthread_detach'
/usr/bin/ld: src.c:(.text+0x63): undefined reference to `pthread_join'
collect2: error: ld returned 1 exit status
make[2]: *** [CMakeFiles/cmTC_788fb.dir/build.make:87: cmTC_788fb] Error 1
make[2]: Leaving directory '/home/salvy/Documents/Github/Titan/cmake/CMakeFiles/CMakeTmp'
make[1]: *** [Makefile:121: cmTC_788fb/fast] Error 2
make[1]: Leaving directory '/home/salvy/Documents/Github/Titan/cmake/CMakeFiles/CMakeTmp'


Source file was:
#include <pthread.h>

void* test_func(void* data)
{
  return data;
}

int main(void)
{
  pthread_t thread;
  pthread_create(&thread, NULL, test_func, NULL);
  pthread_detach(thread);
  pthread_join(thread, NULL);
  pthread_atfork(NULL, NULL, NULL);
  pthread_exit(NULL);

  return 0;
}

Determining if the function pthread_create exists in the pthreads failed with the following output:
Change Dir: /home/salvy/Documents/Github/Titan/cmake/CMakeFiles/CMakeTmp

Run Build Command(s):/usr/bin/make cmTC_fcc3a/fast && make[1]: Entering directory '/home/salvy/Documents/Github/Titan/cmake/CMakeFiles/CMakeTmp'
/usr/bin/make -f CMakeFiles/cmTC_fcc3a.dir/build.make CMakeFiles/cmTC_fcc3a.dir/build
make[2]: Entering directory '/home/salvy/Documents/Github/Titan/cmake/CMakeFiles/CMakeTmp'
Building C object CMakeFiles/cmTC_fcc3a.dir/CheckFunctionExists.c.o
/usr/bin/cc   -fPIC -DCHECK_FUNCTION_EXISTS=pthread_create   -o CMakeFiles/cmTC_fcc3a.dir/CheckFunctionExists.c.o   -c /usr/share/cmake-3.16/Modules/CheckFunctionExists.c
Linking C executable cmTC_fcc3a
/usr/bin/cmake -E cmake_link_script CMakeFiles/cmTC_fcc3a.dir/link.txt --verbose=1
/usr/bin/cc -fPIC -DCHECK_FUNCTION_EXISTS=pthread_create    CMakeFiles/cmTC_fcc3a.dir/CheckFunctionExists.c.o  -o cmTC_fcc3a  -lpthreads 
/usr/bin/ld: cannot find -lpthreads
collect2: error: ld returned 1 exit status
make[2]: *** [CMakeFiles/cmTC_fcc3a.dir/build.make:87: cmTC_fcc3a] Error 1
make[2]: Leaving directory '/home/salvy/Documents/Github/Titan/cmake/CMakeFiles/CMakeTmp'
make[1]: *** [Makefile:121: cmTC_fcc3a/fast] Error 2
make[1]: Leaving directory '/home/salvy/Documents/Github/Titan/cmake/CMakeFiles/CMakeTmp'



